time="2024-11-05T19:23:52+08:00" level=error msg="添加用户出错，已有的邮箱" appName=ToDoList
time="2024-11-05T19:31:03+08:00" level=error msg="添加用户出错，已有的邮箱" appName=ToDoList
time="2024-11-05T19:31:29+08:00" level=error msg="添加用户出错，已有的名字" appName=ToDoList
time="2024-11-06T08:23:14+08:00" level=error msg="添加用户出错，已有的名字" appName=ToDoList
time="2024-11-06T19:45:56+08:00" level=error msg="发送邮件时失败，设置收件人失败: 550 Invalid User: " appName=ToDoList
time="2024-11-06T20:29:51+08:00" level=error msg="发送邮件时失败，Error 1062 (23000): Duplicate entry '3440480965@qq.com' for key 'PRIMARY'" appName=ToDoList
time="2024-11-06T20:30:45+08:00" level=error msg="发送邮件时失败，Error 1062 (23000): Duplicate entry '3440480965@qq.com' for key 'PRIMARY'" appName=ToDoList
time="2024-11-06T20:32:35+08:00" level=error msg="无法连接数据库" appName=ToDoList
time="2024-11-06T20:32:35+08:00" level=error msg="无法连接数据库" appName=ToDoList
time="2024-11-06T20:32:35+08:00" level=error msg="发送邮件时失败，Error 1062 (23000): Duplicate entry '3440480965@qq.com' for key 'PRIMARY'" appName=ToDoList
time="2024-11-06T20:33:15+08:00" level=error msg="record not found" appName=ToDoList
time="2024-11-06T20:33:51+08:00" level=error msg="record not found" appName=ToDoList
time="2024-11-06T20:35:04+08:00" level=error msg="record not found" appName=ToDoList
time="2024-11-06T20:38:06+08:00" level=error msg="record not found" appName=ToDoList
time="2024-11-07T21:54:14+08:00" level=error msg="解析token时出错，invalid character '\\x02' in string literal" appName=ToDoList
time="2024-11-08T10:49:42+08:00" level=error msg="解析token时出错，invalid character '\\x02' in string literal" appName=ToDoList
time="2024-11-08T11:01:14+08:00" level=error msg="解析token时出错，invalid character '\\x02' in string literal" appName=ToDoList
time="2024-11-08T13:04:08+08:00" level=error msg="绑定结构体失败，json: cannot unmarshal object into Go value of type []data.Todo" appName=ToDoList
time="2024-11-08T13:08:19+08:00" level=error msg="绑定结构体失败，json: cannot unmarshal object into Go value of type []data.Todo" appName=ToDoList
time="2024-11-08T13:18:36+08:00" level=error msg="绑定结构体失败，json: cannot unmarshal object into Go value of type []data.Todo" appName=ToDoList
